<?xml version="1.0" encoding="UTF-8"?>
<!-- Generated by org.testng.reporters.JUnitXMLReporter -->
<testsuite ignored="0" hostname="LIN65004408" failures="0" tests="3" name="Default test" time="4.876" errors="0" timestamp="2023-07-26T14:02:43 IST">
  <testcase classname="Basics.DynamicJson" name="addBookApi" time="3.298"/>
  <testcase classname="Basics.DynamicJson" name="addBookApi" time="0.809"/>
  <testcase classname="Basics.DynamicJson" name="addBookApi" time="0.728"/>
</testsuite> <!-- Default test -->
