<?xml version="1.0" encoding="UTF-8"?>
<testng-results ignored="0" total="3" passed="3" failed="0" skipped="0">
  <reporter-output>
  </reporter-output>
  <suite started-at="2023-07-26T14:02:38 IST" name="Default suite" finished-at="2023-07-26T14:02:43 IST" duration-ms="4876">
    <groups>
    </groups>
    <test started-at="2023-07-26T14:02:38 IST" name="Default test" finished-at="2023-07-26T14:02:43 IST" duration-ms="4876">
      <class name="Basics.DynamicJson">
        <test-method signature="addBookApi(java.lang.String,java.lang.String)[pri:0, instance:Basics.DynamicJson@2accdbb5]" started-at="2023-07-26T14:02:38 IST" name="addBookApi" data-provider="BooksData" finished-at="2023-07-26T14:02:41 IST" duration-ms="3298" status="PASS">
          <params>
            <param index="0">
              <value>
                <![CDATA[azby]]>
              </value>
            </param>
            <param index="1">
              <value>
                <![CDATA[1092]]>
              </value>
            </param>
          </params>
          <reporter-output>
          </reporter-output>
        </test-method> <!-- addBookApi -->
        <test-method signature="addBookApi(java.lang.String,java.lang.String)[pri:0, instance:Basics.DynamicJson@2accdbb5]" started-at="2023-07-26T14:02:41 IST" name="addBookApi" data-provider="BooksData" finished-at="2023-07-26T14:02:42 IST" duration-ms="809" status="PASS">
          <params>
            <param index="0">
              <value>
                <![CDATA[cxdw]]>
              </value>
            </param>
            <param index="1">
              <value>
                <![CDATA[2876]]>
              </value>
            </param>
          </params>
          <reporter-output>
          </reporter-output>
        </test-method> <!-- addBookApi -->
        <test-method signature="addBookApi(java.lang.String,java.lang.String)[pri:0, instance:Basics.DynamicJson@2accdbb5]" started-at="2023-07-26T14:02:42 IST" name="addBookApi" data-provider="BooksData" finished-at="2023-07-26T14:02:43 IST" duration-ms="728" status="PASS">
          <params>
            <param index="0">
              <value>
                <![CDATA[terw]]>
              </value>
            </param>
            <param index="1">
              <value>
                <![CDATA[4653]]>
              </value>
            </param>
          </params>
          <reporter-output>
          </reporter-output>
        </test-method> <!-- addBookApi -->
      </class> <!-- Basics.DynamicJson -->
    </test> <!-- Default test -->
  </suite> <!-- Default suite -->
</testng-results>
